0 info it worked if it ends with ok
1 verbose cli [ 'node', '/usr/local/bin/npm', 'install', '-g', 'hexo-cli' ]
2 info using npm@2.11.2
3 info using node@v0.12.5
4 verbose node symlink /usr/local/bin/node
5 verbose install initial load of /usr/local/lib/package.json
6 verbose readDependencies loading dependencies from /usr/local/lib/package.json
7 silly cache add args [ 'hexo-cli', null ]
8 verbose cache add spec hexo-cli
9 silly cache add parsed spec { raw: 'hexo-cli',
9 silly cache add   scope: null,
9 silly cache add   name: 'hexo-cli',
9 silly cache add   rawSpec: '',
9 silly cache add   spec: '*',
9 silly cache add   type: 'range' }
10 silly addNamed hexo-cli@*
11 verbose addNamed "*" is a valid semver range for hexo-cli
12 silly addNameRange { name: 'hexo-cli', range: '*', hasData: false }
13 silly mapToRegistry name hexo-cli
14 silly mapToRegistry using default registry
15 silly mapToRegistry registry https://registry.npmjs.org/
16 silly mapToRegistry uri https://registry.npmjs.org/hexo-cli
17 verbose addNameRange registry:https://registry.npmjs.org/hexo-cli not in flight; fetching
18 verbose request uri https://registry.npmjs.org/hexo-cli
19 verbose request no auth needed
20 info attempt registry request try #1 at 13:46:23
21 verbose request id 0c5ed96bd33f535f
22 verbose etag "8GPIIL9TMJ7642664SKQ52TI2"
23 http request GET https://registry.npmjs.org/hexo-cli
24 http 304 https://registry.npmjs.org/hexo-cli
25 silly get cb [ 304,
25 silly get   { date: 'Sat, 09 Apr 2016 05:46:24 GMT',
25 silly get     via: '1.1 varnish',
25 silly get     'cache-control': 'max-age=300',
25 silly get     etag: '"8GPIIL9TMJ7642664SKQ52TI2"',
25 silly get     age: '100',
25 silly get     connection: 'keep-alive',
25 silly get     'x-served-by': 'cache-itm7421-ITM',
25 silly get     'x-cache': 'HIT',
25 silly get     'x-cache-hits': '1',
25 silly get     'x-timer': 'S1460180784.731029,VS0,VE0',
25 silly get     vary: 'Accept-Encoding' } ]
26 verbose etag https://registry.npmjs.org/hexo-cli from cache
27 verbose get saving hexo-cli to /Users/zzgo/.npm/registry.npmjs.org/hexo-cli/.cache.json
28 silly addNameRange number 2 { name: 'hexo-cli', range: '*', hasData: true }
29 silly addNameRange versions [ 'hexo-cli',
29 silly addNameRange   [ '0.0.1',
29 silly addNameRange     '0.1.0',
29 silly addNameRange     '0.1.1',
29 silly addNameRange     '0.1.2',
29 silly addNameRange     '0.1.3',
29 silly addNameRange     '0.1.4',
29 silly addNameRange     '0.1.5',
29 silly addNameRange     '0.1.6',
29 silly addNameRange     '0.1.7',
29 silly addNameRange     '0.1.8',
29 silly addNameRange     '0.1.9',
29 silly addNameRange     '0.2.0',
29 silly addNameRange     '0.2.1',
29 silly addNameRange     '1.0.0',
29 silly addNameRange     '1.0.1' ] ]
30 silly addNamed hexo-cli@1.0.1
31 verbose addNamed "1.0.1" is a plain semver version for hexo-cli
32 silly cache afterAdd hexo-cli@1.0.1
33 verbose afterAdd /Users/zzgo/.npm/hexo-cli/1.0.1/package/package.json not in flight; writing
34 verbose afterAdd /Users/zzgo/.npm/hexo-cli/1.0.1/package/package.json written
35 silly install resolved [ { name: 'hexo-cli',
35 silly install resolved     version: '1.0.1',
35 silly install resolved     description: 'Command line interface for Hexo',
35 silly install resolved     main: 'lib/hexo',
35 silly install resolved     bin: { hexo: './bin/hexo' },
35 silly install resolved     scripts:
35 silly install resolved      { eslint: 'eslint .',
35 silly install resolved        jscs: 'jscs .',
35 silly install resolved        test: 'mocha test/index.js',
35 silly install resolved        'test-cov': 'istanbul cover --print both _mocha -- test/index.js' },
35 silly install resolved     directories: { lib: './lib', bin: './bin' },
35 silly install resolved     repository:
35 silly install resolved      { type: 'git',
35 silly install resolved        url: 'git+https://github.com/hexojs/hexo-cli.git' },
35 silly install resolved     homepage: 'https://hexo.io/',
35 silly install resolved     keywords: [ 'website', 'blog', 'cms', 'framework', 'hexo', 'cli' ],
35 silly install resolved     author:
35 silly install resolved      { name: 'Tommy Chen',
35 silly install resolved        email: 'tommy351@gmail.com',
35 silly install resolved        url: 'http://zespia.tw' },
35 silly install resolved     license: 'MIT',
35 silly install resolved     dependencies:
35 silly install resolved      { abbrev: '^1.0.7',
35 silly install resolved        bluebird: '^3.3.0',
35 silly install resolved        chalk: '^1.1.1',
35 silly install resolved        'hexo-fs': '^0.1.5',
35 silly install resolved        'hexo-log': '^0.1.1',
35 silly install resolved        'hexo-util': '^0.5.3',
35 silly install resolved        minimist: '^1.2.0',
35 silly install resolved        'object-assign': '^4.0.1',
35 silly install resolved        tildify: '^1.1.2' },
35 silly install resolved     devDependencies:
35 silly install resolved      { chai: '^3.5.0',
35 silly install resolved        'chai-as-promised': '^5.2.0',
35 silly install resolved        eslint: '^1.10.3',
35 silly install resolved        'eslint-config-hexo': '^1.0.2',
35 silly install resolved        'hexo-renderer-marked': '^0.2.9',
35 silly install resolved        istanbul: '^0.4.2',
35 silly install resolved        jscs: '^2.9.0',
35 silly install resolved        'jscs-preset-hexo': '^1.0.1',
35 silly install resolved        mocha: '^2.4.5',
35 silly install resolved        proxyquire: '^1.7.4',
35 silly install resolved        rewire: '^2.5.1',
35 silly install resolved        sinon: '^1.17.3' },
35 silly install resolved     gitHead: '477c381a33efef1bb1e52ef3c6f4943e46f2d99a',
35 silly install resolved     bugs: { url: 'https://github.com/hexojs/hexo-cli/issues' },
35 silly install resolved     _id: 'hexo-cli@1.0.1',
35 silly install resolved     _shasum: '8bcc28975ebaa636c8d9594868240727aadc734f',
35 silly install resolved     _from: 'hexo-cli@*',
35 silly install resolved     _npmVersion: '3.7.1',
35 silly install resolved     _nodeVersion: '4.3.0',
35 silly install resolved     _npmUser: { name: 'tommy351', email: 'tommy351@gmail.com' },
35 silly install resolved     dist:
35 silly install resolved      { shasum: '8bcc28975ebaa636c8d9594868240727aadc734f',
35 silly install resolved        tarball: 'https://registry.npmjs.org/hexo-cli/-/hexo-cli-1.0.1.tgz' },
35 silly install resolved     maintainers: [ [Object] ],
35 silly install resolved     _npmOperationalInternal:
35 silly install resolved      { host: 'packages-6-west.internal.npmjs.com',
35 silly install resolved        tmp: 'tmp/hexo-cli-1.0.1.tgz_1455272163444_0.3437555329874158' },
35 silly install resolved     _resolved: 'https://registry.npmjs.org/hexo-cli/-/hexo-cli-1.0.1.tgz',
35 silly install resolved     readme: 'ERROR: No README data found!' } ]
36 info install hexo-cli@1.0.1 into /usr/local/lib
37 info installOne hexo-cli@1.0.1
38 verbose installOne of hexo-cli to /usr/local/lib not in flight; installing
39 verbose lock using /Users/zzgo/.npm/_locks/hexo-cli-d89d95637eeaa0d8.lock for /usr/local/lib/node_modules/hexo-cli
40 silly install write writing hexo-cli 1.0.1 to /usr/local/lib/node_modules/hexo-cli
41 verbose unbuild lib/node_modules/hexo-cli
42 silly gentlyRm /usr/local/lib/node_modules/hexo-cli is being purged from base /usr/local
43 verbose gentlyRm don't care about contents; nuking /usr/local/lib/node_modules/hexo-cli
44 verbose tar unpack /Users/zzgo/.npm/hexo-cli/1.0.1/package.tgz
45 verbose tar unpacking to /usr/local/lib/node_modules/hexo-cli
46 silly gentlyRm /usr/local/lib/node_modules/hexo-cli is being purged
47 verbose gentlyRm don't care about contents; nuking /usr/local/lib/node_modules/hexo-cli
48 silly gunzTarPerm modes [ '755', '644' ]
49 error tar.unpack untar error /Users/zzgo/.npm/hexo-cli/1.0.1/package.tgz
50 verbose unlock done using /Users/zzgo/.npm/_locks/hexo-cli-d89d95637eeaa0d8.lock for /usr/local/lib/node_modules/hexo-cli
51 verbose fstream_path /usr/local/lib/node_modules/hexo-cli
52 verbose fstream_type Directory
53 verbose fstream_class DirWriter
54 verbose stack Error: EACCES, mkdir '/usr/local/lib/node_modules/hexo-cli'
54 verbose stack     at Error (native)
55 verbose fstream_stack /usr/local/lib/node_modules/npm/node_modules/fstream/lib/dir-writer.js:35:25
55 verbose fstream_stack /usr/local/lib/node_modules/npm/node_modules/mkdirp/index.js:47:53
55 verbose fstream_stack FSReqWrap.oncomplete (fs.js:95:15)
56 verbose cwd /Users/zzgo/Document/Document/blog
57 error Darwin 15.4.0
58 error argv "node" "/usr/local/bin/npm" "install" "-g" "hexo-cli"
59 error node v0.12.5
60 error npm  v2.11.2
61 error path /usr/local/lib/node_modules/hexo-cli
62 error code EACCES
63 error errno -13
64 error Error: EACCES, mkdir '/usr/local/lib/node_modules/hexo-cli'
64 error     at Error (native)
64 error  { [Error: EACCES, mkdir '/usr/local/lib/node_modules/hexo-cli']
64 error   errno: -13,
64 error   code: 'EACCES',
64 error   path: '/usr/local/lib/node_modules/hexo-cli',
64 error   fstream_type: 'Directory',
64 error   fstream_path: '/usr/local/lib/node_modules/hexo-cli',
64 error   fstream_class: 'DirWriter',
64 error   fstream_stack:
64 error    [ '/usr/local/lib/node_modules/npm/node_modules/fstream/lib/dir-writer.js:35:25',
64 error      '/usr/local/lib/node_modules/npm/node_modules/mkdirp/index.js:47:53',
64 error      'FSReqWrap.oncomplete (fs.js:95:15)' ] }
65 error Please try running this command again as root/Administrator.
66 verbose exit [ -13, true ]
67 verbose unbuild lib/node_modules/hexo-cli
68 silly gentlyRm /usr/local/lib/node_modules/hexo-cli is being purged from base /usr/local
69 verbose gentlyRm don't care about contents; nuking /usr/local/lib/node_modules/hexo-cli
